Nov 21 14:45:11 3dr_solo local4.info +175 tlm: Installing SIGQUIT signal handler
Nov 21 14:45:11 3dr_solo local4.info +211 tlm: telem_forwarder starting: built Sep 22 2016 15:31:01
Nov 21 14:45:11 3dr_solo local4.info +216 tlm: serial port: /dev/ttymxc1
Nov 21 14:45:11 3dr_solo local4.info +234 tlm: serial baudrate: 921600
Nov 21 14:45:11 3dr_solo local4.info +234 tlm: serial hw flow: true
Nov 21 14:45:11 3dr_solo local4.info +234 tlm: UDP dest port: 14550
Nov 21 14:45:11 3dr_solo local4.info +234 tlm: use GPS time: true
Nov 21 14:45:11 3dr_solo local4.info +234 tlm: tos: 0x7f
Nov 21 14:45:11 3dr_solo local4.info +234 tlm: opened port 14560
Nov 21 14:45:11 3dr_solo local4.info +263 tlm: opened serial port /dev/ttymxc1
Nov 21 14:45:11 3dr_solo local4.info +479 tlm: adding new client 10.1.1.10:42461
Nov 21 14:45:11 3dr_solo local4.info +479 tlm: ARP: Seen (254/17) from 10.1.1.10:42461 client=0x762fdc44
Nov 21 14:45:11 3dr_solo local4.info +480 tlm: ARP: Seen (57/57) from 10.1.1.10:42461 client=0x762fdc44
Nov 21 14:45:11 3dr_solo local4.err +493 tlm: poll returned zero
Nov 21 14:45:15 3dr_solo local4.info +251 tlm: adding new client 127.0.0.1:55892
Nov 21 14:45:15 3dr_solo local4.info +251 tlm: ARP: Seen (255/0) from 127.0.0.1:55892 client=0x762fdc44
Nov 21 14:45:15 3dr_solo local4.info +833 tlm: SET_MODE: from 127.0.0.1:55892
Nov 21 14:45:15 3dr_solo local4.info +833 tlm: SET_MODE: len=6 src_sys=255 src_comp=0
Nov 21 14:45:15 3dr_solo local4.info +833 tlm: SET_MODE: custom_mode=0.0.0.5 target_system=1 base_mode=1
Nov 21 14:45:21 3dr_solo local4.info +275 tlm: down: 222 m/s, 19588 b/s, 21%; up: 71 m/s, 1087 b/s, 1%
Nov 21 14:45:21 3dr_solo local4.info +275 tlm: seq errs: (1,1):1
Nov 21 14:45:31 3dr_solo local4.info +276 tlm: down: 150 m/s, 16033 b/s, 17%; up: 64 m/s, 972 b/s, 1%
Nov 21 14:45:41 3dr_solo local4.info +277 tlm: down: 149 m/s, 16063 b/s, 17%; up: 65 m/s, 993 b/s, 1%
Nov 21 14:45:51 3dr_solo local4.info +277 tlm: down: 149 m/s, 16042 b/s, 17%; up: 65 m/s, 983 b/s, 1%
Nov 21 14:46:01 3dr_solo local4.info +278 tlm: down: 150 m/s, 16060 b/s, 17%; up: 65 m/s, 988 b/s, 1%
Nov 21 14:46:11 3dr_solo local4.info +279 tlm: down: 182 m/s, 17219 b/s, 18%; up: 65 m/s, 989 b/s, 1%
Nov 21 14:46:21 3dr_solo local4.info +280 tlm: down: 150 m/s, 16018 b/s, 17%; up: 65 m/s, 982 b/s, 1%
Nov 21 14:46:31 3dr_solo local4.info +280 tlm: down: 150 m/s, 16068 b/s, 17%; up: 65 m/s, 988 b/s, 1%
Nov 21 14:46:41 3dr_solo local4.info +281 tlm: down: 150 m/s, 16039 b/s, 17%; up: 65 m/s, 985 b/s, 1%
Nov 21 14:46:51 3dr_solo local4.info +282 tlm: down: 148 m/s, 16011 b/s, 17%; up: 65 m/s, 986 b/s, 1%
Nov 21 14:47:01 3dr_solo local4.info +284 tlm: down: 150 m/s, 16037 b/s, 17%; up: 65 m/s, 983 b/s, 1%
Nov 21 14:47:11 3dr_solo local4.info +285 tlm: down: 150 m/s, 16089 b/s, 17%; up: 65 m/s, 1000 b/s, 1%
Nov 21 14:47:21 3dr_solo local4.info +285 tlm: down: 147 m/s, 15974 b/s, 17%; up: 65 m/s, 985 b/s, 1%
Nov 21 14:47:31 3dr_solo local4.info +286 tlm: down: 150 m/s, 16066 b/s, 17%; up: 65 m/s, 986 b/s, 1%
Nov 21 14:47:41 3dr_solo local4.info +287 tlm: down: 150 m/s, 16090 b/s, 17%; up: 65 m/s, 988 b/s, 1%
Nov 21 14:47:51 3dr_solo local4.info +288 tlm: down: 150 m/s, 16017 b/s, 17%; up: 65 m/s, 983 b/s, 1%
Nov 21 14:48:01 3dr_solo local4.info +289 tlm: down: 148 m/s, 16062 b/s, 17%; up: 65 m/s, 989 b/s, 1%
Nov 21 14:48:11 3dr_solo local4.info +290 tlm: down: 150 m/s, 16068 b/s, 17%; up: 64 m/s, 973 b/s, 1%
Nov 21 14:48:21 3dr_solo local4.info +290 tlm: down: 150 m/s, 16018 b/s, 17%; up: 64 m/s, 972 b/s, 1%
Nov 21 14:48:31 3dr_solo local4.info +291 tlm: down: 148 m/s, 16023 b/s, 17%; up: 64 m/s, 971 b/s, 1%
Nov 21 14:48:41 3dr_solo local4.info +292 tlm: down: 150 m/s, 16044 b/s, 17%; up: 64 m/s, 966 b/s, 1%
Nov 21 14:48:51 3dr_solo local4.info +292 tlm: down: 150 m/s, 16076 b/s, 17%; up: 64 m/s, 971 b/s, 1%
Nov 21 14:49:01 3dr_solo local4.info +293 tlm: down: 149 m/s, 16047 b/s, 17%; up: 64 m/s, 969 b/s, 1%
Nov 21 14:49:11 3dr_solo local4.info +293 tlm: down: 148 m/s, 16025 b/s, 17%; up: 64 m/s, 968 b/s, 1%
Nov 21 14:49:21 3dr_solo local4.info +294 tlm: down: 149 m/s, 16047 b/s, 17%; up: 64 m/s, 969 b/s, 1%
Nov 21 14:49:31 3dr_solo local4.info +295 tlm: down: 150 m/s, 16081 b/s, 17%; up: 64 m/s, 969 b/s, 1%
Nov 21 14:49:41 3dr_solo local4.info +295 tlm: down: 150 m/s, 16051 b/s, 17%; up: 64 m/s, 971 b/s, 1%
Nov 21 14:49:51 3dr_solo local4.info +296 tlm: down: 148 m/s, 16027 b/s, 17%; up: 64 m/s, 969 b/s, 1%
Nov 21 14:50:01 3dr_solo local4.info +297 tlm: down: 150 m/s, 16039 b/s, 17%; up: 64 m/s, 968 b/s, 1%
Nov 21 14:50:11 3dr_solo local4.info +297 tlm: down: 150 m/s, 16109 b/s, 17%; up: 64 m/s, 972 b/s, 1%
Nov 21 14:50:21 3dr_solo local4.info +298 tlm: down: 150 m/s, 16081 b/s, 17%; up: 64 m/s, 971 b/s, 1%
Nov 21 14:50:31 3dr_solo local4.info +298 tlm: down: 149 m/s, 16084 b/s, 17%; up: 64 m/s, 974 b/s, 1%
Nov 21 14:50:41 3dr_solo local4.info +299 tlm: down: 150 m/s, 16124 b/s, 17%; up: 64 m/s, 972 b/s, 1%
Nov 21 14:50:51 3dr_solo local4.info +300 tlm: down: 150 m/s, 16068 b/s, 17%; up: 64 m/s, 971 b/s, 1%
Nov 21 14:51:01 3dr_solo local4.info +300 tlm: down: 150 m/s, 16130 b/s, 17%; up: 64 m/s, 974 b/s, 1%
Nov 21 14:51:11 3dr_solo local4.info +302 tlm: down: 148 m/s, 16072 b/s, 17%; up: 64 m/s, 972 b/s, 1%
Nov 21 14:51:19 3dr_solo local4.info +912 tlm: GPS time: 2018-11-22 08:43:58.893000
Nov 22 08:43:58 3dr_solo local4.info +893 tlm: clock set from GPS
Nov 22 08:44:00 3dr_solo local4.info +283 tlm: down: 151 m/s, 16126 b/s, 17%; up: 64 m/s, 972 b/s, 1%
Nov 22 08:44:10 3dr_solo local4.info +284 tlm: down: 153 m/s, 16182 b/s, 17%; up: 64 m/s, 969 b/s, 1%
Nov 22 08:44:20 3dr_solo local4.info +284 tlm: down: 153 m/s, 16203 b/s, 17%; up: 64 m/s, 974 b/s, 1%
Nov 22 08:44:30 3dr_solo local4.info +285 tlm: down: 153 m/s, 16185 b/s, 17%; up: 64 m/s, 971 b/s, 1%
Nov 22 08:44:40 3dr_solo local4.info +286 tlm: down: 152 m/s, 16120 b/s, 17%; up: 64 m/s, 967 b/s, 1%
Nov 22 08:44:50 3dr_solo local4.info +286 tlm: down: 154 m/s, 16227 b/s, 17%; up: 64 m/s, 974 b/s, 1%
Nov 22 08:45:00 3dr_solo local4.info +287 tlm: down: 154 m/s, 16212 b/s, 17%; up: 64 m/s, 972 b/s, 1%
Nov 22 08:45:10 3dr_solo local4.info +287 tlm: down: 154 m/s, 16206 b/s, 17%; up: 64 m/s, 972 b/s, 1%
Nov 22 08:45:20 3dr_solo local4.info +288 tlm: down: 153 m/s, 16202 b/s, 17%; up: 64 m/s, 971 b/s, 1%
Nov 22 08:45:30 3dr_solo local4.info +289 tlm: down: 152 m/s, 16153 b/s, 17%; up: 64 m/s, 972 b/s, 1%
Nov 22 08:45:40 3dr_solo local4.info +290 tlm: down: 154 m/s, 16212 b/s, 17%; up: 64 m/s, 972 b/s, 1%
Nov 22 08:45:50 3dr_solo local4.info +291 tlm: down: 153 m/s, 16203 b/s, 17%; up: 64 m/s, 972 b/s, 1%
Nov 22 08:46:00 3dr_solo local4.info +291 tlm: down: 154 m/s, 16212 b/s, 17%; up: 64 m/s, 971 b/s, 1%
Nov 22 08:46:10 3dr_solo local4.info +292 tlm: down: 152 m/s, 16179 b/s, 17%; up: 64 m/s, 974 b/s, 1%
Nov 22 08:46:20 3dr_solo local4.info +293 tlm: down: 153 m/s, 16168 b/s, 17%; up: 64 m/s, 971 b/s, 1%
Nov 22 08:46:30 3dr_solo local4.info +293 tlm: down: 154 m/s, 16212 b/s, 17%; up: 64 m/s, 972 b/s, 1%
Nov 22 08:46:40 3dr_solo local4.info +294 tlm: down: 154 m/s, 16227 b/s, 17%; up: 64 m/s, 974 b/s, 1%
Nov 22 08:46:50 3dr_solo local4.info +295 tlm: down: 154 m/s, 16190 b/s, 17%; up: 64 m/s, 966 b/s, 1%
Nov 22 08:47:00 3dr_solo local4.info +296 tlm: down: 151 m/s, 16153 b/s, 17%; up: 64 m/s, 974 b/s, 1%
Nov 22 08:47:10 3dr_solo local4.info +297 tlm: down: 153 m/s, 16142 b/s, 17%; up: 64 m/s, 969 b/s, 1%
Nov 22 08:47:20 3dr_solo local4.info +298 tlm: down: 153 m/s, 16170 b/s, 17%; up: 64 m/s, 971 b/s, 1%
Nov 22 08:47:30 3dr_solo local4.info +299 tlm: down: 153 m/s, 16120 b/s, 17%; up: 64 m/s, 965 b/s, 1%
Nov 22 08:47:40 3dr_solo local4.info +300 tlm: down: 152 m/s, 16146 b/s, 17%; up: 64 m/s, 971 b/s, 1%
Nov 22 08:47:50 3dr_solo local4.info +300 tlm: down: 153 m/s, 16171 b/s, 17%; up: 64 m/s, 971 b/s, 1%
Nov 22 08:48:00 3dr_solo local4.info +301 tlm: down: 153 m/s, 16137 b/s, 17%; up: 64 m/s, 966 b/s, 1%
Nov 22 08:48:10 3dr_solo local4.info +301 tlm: down: 153 m/s, 16202 b/s, 17%; up: 64 m/s, 972 b/s, 1%
Nov 22 08:48:20 3dr_solo local4.info +304 tlm: down: 152 m/s, 16134 b/s, 17%; up: 64 m/s, 971 b/s, 1%
Nov 22 08:48:30 3dr_solo local4.info +305 tlm: down: 154 m/s, 16215 b/s, 17%; up: 64 m/s, 979 b/s, 1%
Nov 22 08:48:40 3dr_solo local4.info +306 tlm: down: 153 m/s, 16171 b/s, 17%; up: 64 m/s, 971 b/s, 1%
Nov 22 08:48:50 3dr_solo local4.info +306 tlm: down: 153 m/s, 16201 b/s, 17%; up: 64 m/s, 969 b/s, 1%
Nov 22 08:49:00 3dr_solo local4.info +307 tlm: down: 152 m/s, 16122 b/s, 17%; up: 64 m/s, 971 b/s, 1%
Nov 22 08:49:10 3dr_solo local4.info +308 tlm: down: 153 m/s, 16169 b/s, 17%; up: 64 m/s, 971 b/s, 1%
Nov 22 08:49:20 3dr_solo local4.info +308 tlm: down: 153 m/s, 16197 b/s, 17%; up: 64 m/s, 972 b/s, 1%
Nov 22 08:49:30 3dr_solo local4.info +309 tlm: down: 153 m/s, 16184 b/s, 17%; up: 64 m/s, 971 b/s, 1%
Nov 22 08:49:40 3dr_solo local4.info +309 tlm: down: 151 m/s, 16139 b/s, 17%; up: 64 m/s, 971 b/s, 1%
Nov 22 08:49:50 3dr_solo local4.info +310 tlm: down: 154 m/s, 16190 b/s, 17%; up: 64 m/s, 971 b/s, 1%
Nov 22 08:50:00 3dr_solo local4.info +311 tlm: down: 153 m/s, 16142 b/s, 17%; up: 64 m/s, 968 b/s, 1%
Nov 22 08:50:10 3dr_solo local4.info +312 tlm: down: 154 m/s, 16210 b/s, 17%; up: 64 m/s, 971 b/s, 1%
Nov 22 08:50:20 3dr_solo local4.info +313 tlm: down: 154 m/s, 16206 b/s, 17%; up: 64 m/s, 972 b/s, 1%
Nov 22 08:50:30 3dr_solo local4.info +313 tlm: down: 151 m/s, 16119 b/s, 17%; up: 64 m/s, 971 b/s, 1%
Nov 22 08:50:40 3dr_solo local4.info +314 tlm: down: 154 m/s, 16190 b/s, 17%; up: 64 m/s, 969 b/s, 1%
Nov 22 08:50:50 3dr_solo local4.info +314 tlm: down: 153 m/s, 16163 b/s, 17%; up: 64 m/s, 969 b/s, 1%
Nov 22 08:51:00 3dr_solo local4.info +315 tlm: down: 153 m/s, 16202 b/s, 17%; up: 64 m/s, 972 b/s, 1%
Nov 22 08:51:10 3dr_solo local4.info +316 tlm: down: 152 m/s, 16162 b/s, 17%; up: 64 m/s, 971 b/s, 1%
Nov 22 08:51:20 3dr_solo local4.info +316 tlm: down: 154 m/s, 16185 b/s, 17%; up: 64 m/s, 971 b/s, 1%
Nov 22 08:51:30 3dr_solo local4.info +317 tlm: down: 154 m/s, 16206 b/s, 17%; up: 64 m/s, 972 b/s, 1%
Nov 22 08:51:40 3dr_solo local4.info +317 tlm: down: 153 m/s, 16193 b/s, 17%; up: 64 m/s, 971 b/s, 1%
Nov 22 08:51:50 3dr_solo local4.info +318 tlm: down: 151 m/s, 16077 b/s, 17%; up: 64 m/s, 965 b/s, 1%
Nov 22 08:52:00 3dr_solo local4.info +319 tlm: down: 154 m/s, 16205 b/s, 17%; up: 64 m/s, 972 b/s, 1%
Nov 22 08:52:10 3dr_solo local4.info +320 tlm: down: 154 m/s, 16185 b/s, 17%; up: 64 m/s, 969 b/s, 1%
Nov 22 08:52:20 3dr_solo local4.info +321 tlm: down: 153 m/s, 16191 b/s, 17%; up: 64 m/s, 972 b/s, 1%
Nov 22 08:52:30 3dr_solo local4.info +322 tlm: down: 152 m/s, 16157 b/s, 17%; up: 64 m/s, 972 b/s, 1%
Nov 22 08:52:40 3dr_solo local4.info +323 tlm: down: 154 m/s, 16190 b/s, 17%; up: 64 m/s, 968 b/s, 1%
Nov 22 08:52:50 3dr_solo local4.info +324 tlm: down: 153 m/s, 16163 b/s, 17%; up: 64 m/s, 971 b/s, 1%
Nov 22 08:53:00 3dr_solo local4.info +324 tlm: down: 179 m/s, 17085 b/s, 18%; up: 67 m/s, 1021 b/s, 1%
Nov 22 08:53:10 3dr_solo local4.info +325 tlm: down: 147 m/s, 15919 b/s, 17%; up: 64 m/s, 971 b/s, 1%
