Nov 21 14:45:15 3dr_solo local2.info shot: +-+-+-+-+-+-+ Starting up v2.4.1-1 +-+-+-+-+-+-+
Nov 21 14:45:15 3dr_solo local2.info shot: [RC] Disabling stick remapping
Nov 21 14:45:15 3dr_solo local2.info shot: [app]: Ready for connections from app.
Nov 21 14:45:15 3dr_solo local2.info shot: [button]: Creating a new thread to connect to Artoo.
Nov 21 14:45:15 3dr_solo local2.info shot: [button]: read in button mappings
Nov 21 14:45:15 3dr_solo local2.info shot: [button]: Button A - shot FLY, mode FLY: Manual
Nov 21 14:45:15 3dr_solo local2.info shot: [button]: Button B - shot FLY, mode FLY
Nov 21 14:45:15 3dr_solo local2.info shot: [gopro]: read enabled value from settings of 1.
Nov 21 14:45:15 3dr_solo local2.info shot: [gopro]: sending gimbal enabled param (GMB_GP_CTRL) to 1.000000
Nov 21 14:45:15 3dr_solo local2.info shot: [gopro]: Inited GoProManager
Nov 21 14:45:15 3dr_solo local2.info shot: [RewindManager] Init
Nov 21 14:45:15 3dr_solo local2.info shot: [shot]: No gimbal detected.
Nov 21 14:45:17 3dr_solo local2.info shot: [button]: Connected to Artoo.
Nov 21 14:45:17 3dr_solo local2.info shot: [button]: sending FLY to Artoo as mode
Nov 21 14:45:38 3dr_solo local2.info shot: [app]: Connected to App. ('10.1.1.174', 47522)
Nov 21 14:45:38 3dr_solo local2.info shot: [gopro]: sending Gopro state to app
Nov 21 14:45:38 3dr_solo local2.info shot: [app]: App requested button mapping for 4
Nov 21 14:45:38 3dr_solo local2.info shot: [gopro]: sending Gopro state to app
Nov 21 14:45:38 3dr_solo local2.info shot: [app]: App requested button mapping for 5
Nov 21 14:47:25 3dr_solo local2.info shot: wrote setting: A: 6, -1
Nov 21 14:47:26 3dr_solo local2.info shot: wrote setting: B: 1, -1
Nov 21 14:48:29 3dr_solo local2.info shot: [app]: Data from client ('10.1.1.174', 47522) is nil.
Nov 21 14:48:29 3dr_solo local2.info shot: [app]: Closing client connection with ('10.1.1.174', 47522).
Nov 21 14:49:10 3dr_solo local2.info shot: [button]: Data from Artoo is nil.
Nov 21 14:49:10 3dr_solo local2.info shot: [button]: Disconnecting from Artoo.
Nov 21 14:49:10 3dr_solo local2.info shot: [button]: Creating a new thread to connect to Artoo.
Nov 21 14:49:10 3dr_solo local2.info shot: [RC] Enter failsafe
Nov 21 14:49:28 3dr_solo local2.info shot: [button]: Unexpected socket exception: [Errno 113] No route to host
Nov 21 14:49:31 3dr_solo local2.info shot: [button]: Unexpected socket exception: [Errno 113] No route to host
Nov 21 14:49:34 3dr_solo local2.info shot: [button]: Unexpected socket exception: [Errno 113] No route to host
Nov 21 14:49:37 3dr_solo local2.info shot: [button]: Unexpected socket exception: [Errno 113] No route to host
Nov 21 14:49:40 3dr_solo local2.info shot: [button]: Unexpected socket exception: [Errno 113] No route to host
Nov 21 14:49:43 3dr_solo local2.info shot: [button]: Unexpected socket exception: [Errno 113] No route to host
Nov 21 14:49:46 3dr_solo local2.info shot: [button]: Unexpected socket exception: [Errno 113] No route to host
Nov 21 14:49:49 3dr_solo local2.info shot: [button]: Unexpected socket exception: [Errno 113] No route to host
Nov 21 14:49:52 3dr_solo local2.info shot: [button]: Unexpected socket exception: [Errno 113] No route to host
Nov 21 14:49:55 3dr_solo local2.info shot: [button]: Unexpected socket exception: [Errno 113] No route to host
Nov 21 14:49:58 3dr_solo local2.info shot: [button]: Unexpected socket exception: [Errno 113] No route to host
Nov 21 14:50:01 3dr_solo local2.info shot: [button]: Unexpected socket exception: [Errno 113] No route to host
Nov 21 14:50:04 3dr_solo local2.info shot: [button]: Unexpected socket exception: [Errno 113] No route to host
Nov 21 14:50:07 3dr_solo local2.info shot: [button]: Unexpected socket exception: [Errno 113] No route to host
Nov 21 14:50:10 3dr_solo local2.info shot: [button]: Unexpected socket exception: [Errno 113] No route to host
Nov 21 14:50:13 3dr_solo local2.info shot: [button]: Unexpected socket exception: [Errno 113] No route to host
Nov 21 14:50:16 3dr_solo local2.info shot: [button]: Unexpected socket exception: [Errno 113] No route to host
Nov 21 14:50:19 3dr_solo local2.info shot: [button]: Unexpected socket exception: [Errno 113] No route to host
Nov 21 14:50:22 3dr_solo local2.info shot: [button]: Unexpected socket exception: [Errno 113] No route to host
Nov 21 14:50:25 3dr_solo local2.info shot: [button]: Unexpected socket exception: [Errno 113] No route to host
Nov 21 14:50:28 3dr_solo local2.info shot: [button]: Unexpected socket exception: [Errno 113] No route to host
Nov 21 14:50:31 3dr_solo local2.info shot: [button]: Unexpected socket exception: [Errno 113] No route to host
Nov 21 14:50:34 3dr_solo local2.info shot: [button]: Unexpected socket exception: [Errno 113] No route to host
Nov 21 14:50:37 3dr_solo local2.info shot: [button]: Unexpected socket exception: [Errno 113] No route to host
Nov 21 14:50:40 3dr_solo local2.info shot: [button]: Unexpected socket exception: [Errno 113] No route to host
Nov 21 14:50:43 3dr_solo local2.info shot: [button]: Unexpected socket exception: [Errno 113] No route to host
Nov 21 14:50:46 3dr_solo local2.info shot: [button]: Unexpected socket exception: [Errno 113] No route to host
Nov 21 14:50:49 3dr_solo local2.info shot: [button]: Unexpected socket exception: [Errno 113] No route to host
Nov 21 14:50:52 3dr_solo local2.info shot: [button]: Unexpected socket exception: [Errno 113] No route to host
Nov 21 14:50:55 3dr_solo local2.info shot: [button]: Unexpected socket exception: [Errno 113] No route to host
Nov 21 14:50:58 3dr_solo local2.info shot: [button]: Unexpected socket exception: [Errno 113] No route to host
Nov 21 14:51:01 3dr_solo local2.info shot: [button]: Unexpected socket exception: [Errno 113] No route to host
Nov 21 14:51:04 3dr_solo local2.info shot: [button]: Unexpected socket exception: [Errno 113] No route to host
Nov 21 14:51:07 3dr_solo local2.info shot: [button]: Unexpected socket exception: [Errno 113] No route to host
Nov 21 14:51:10 3dr_solo local2.info shot: [button]: Unexpected socket exception: [Errno 113] No route to host
Nov 21 14:51:13 3dr_solo local2.info shot: [button]: Unexpected socket exception: [Errno 113] No route to host
Nov 21 14:51:16 3dr_solo local2.info shot: [button]: Unexpected socket exception: [Errno 113] No route to host
Nov 21 14:51:19 3dr_solo local2.info shot: [button]: Unexpected socket exception: [Errno 113] No route to host
Nov 22 08:44:01 3dr_solo local2.info shot: [button]: Unexpected socket exception: [Errno 113] No route to host
Nov 22 08:44:04 3dr_solo local2.info shot: [button]: Unexpected socket exception: [Errno 113] No route to host
Nov 22 08:44:07 3dr_solo local2.info shot: [button]: Unexpected socket exception: [Errno 113] No route to host
Nov 22 08:44:10 3dr_solo local2.info shot: [button]: Unexpected socket exception: [Errno 113] No route to host
Nov 22 08:44:13 3dr_solo local2.info shot: [button]: Unexpected socket exception: [Errno 113] No route to host
Nov 22 08:44:16 3dr_solo local2.info shot: [button]: Unexpected socket exception: [Errno 113] No route to host
Nov 22 08:44:19 3dr_solo local2.info shot: [button]: Unexpected socket exception: [Errno 113] No route to host
Nov 22 08:44:22 3dr_solo local2.info shot: [button]: Unexpected socket exception: [Errno 113] No route to host
Nov 22 08:44:25 3dr_solo local2.info shot: [button]: Unexpected socket exception: [Errno 113] No route to host
Nov 22 08:44:28 3dr_solo local2.info shot: [button]: Unexpected socket exception: [Errno 113] No route to host
Nov 22 08:44:31 3dr_solo local2.info shot: [button]: Unexpected socket exception: [Errno 113] No route to host
Nov 22 08:44:34 3dr_solo local2.info shot: [button]: Unexpected socket exception: [Errno 113] No route to host
Nov 22 08:44:37 3dr_solo local2.info shot: [button]: Unexpected socket exception: [Errno 113] No route to host
Nov 22 08:44:40 3dr_solo local2.info shot: [button]: Unexpected socket exception: [Errno 113] No route to host
Nov 22 08:44:43 3dr_solo local2.info shot: [button]: Unexpected socket exception: [Errno 113] No route to host
Nov 22 08:44:46 3dr_solo local2.info shot: [button]: Unexpected socket exception: [Errno 113] No route to host
Nov 22 08:44:49 3dr_solo local2.info shot: [button]: Unexpected socket exception: [Errno 113] No route to host
Nov 22 08:44:52 3dr_solo local2.info shot: [button]: Unexpected socket exception: [Errno 113] No route to host
Nov 22 08:44:55 3dr_solo local2.info shot: [button]: Unexpected socket exception: [Errno 113] No route to host
Nov 22 08:44:58 3dr_solo local2.info shot: [button]: Unexpected socket exception: [Errno 113] No route to host
Nov 22 08:45:01 3dr_solo local2.info shot: [button]: Unexpected socket exception: [Errno 113] No route to host
Nov 22 08:45:04 3dr_solo local2.info shot: [button]: Unexpected socket exception: [Errno 113] No route to host
Nov 22 08:45:07 3dr_solo local2.info shot: [button]: Unexpected socket exception: [Errno 113] No route to host
Nov 22 08:45:10 3dr_solo local2.info shot: [button]: Unexpected socket exception: [Errno 113] No route to host
Nov 22 08:45:13 3dr_solo local2.info shot: [button]: Unexpected socket exception: [Errno 113] No route to host
Nov 22 08:45:16 3dr_solo local2.info shot: [button]: Unexpected socket exception: [Errno 113] No route to host
Nov 22 08:45:19 3dr_solo local2.info shot: [button]: Unexpected socket exception: [Errno 113] No route to host
Nov 22 08:45:22 3dr_solo local2.info shot: [button]: Unexpected socket exception: [Errno 113] No route to host
Nov 22 08:45:25 3dr_solo local2.info shot: [button]: Unexpected socket exception: [Errno 113] No route to host
Nov 22 08:45:28 3dr_solo local2.info shot: [button]: Unexpected socket exception: [Errno 113] No route to host
Nov 22 08:45:31 3dr_solo local2.info shot: [button]: Unexpected socket exception: [Errno 113] No route to host
Nov 22 08:45:34 3dr_solo local2.info shot: [button]: Unexpected socket exception: [Errno 113] No route to host
Nov 22 08:45:37 3dr_solo local2.info shot: [button]: Unexpected socket exception: [Errno 113] No route to host
Nov 22 08:45:40 3dr_solo local2.info shot: [button]: Unexpected socket exception: [Errno 113] No route to host
Nov 22 08:45:43 3dr_solo local2.info shot: [button]: Unexpected socket exception: [Errno 113] No route to host
Nov 22 08:45:46 3dr_solo local2.info shot: [button]: Unexpected socket exception: [Errno 113] No route to host
Nov 22 08:45:49 3dr_solo local2.info shot: [button]: Unexpected socket exception: [Errno 113] No route to host
Nov 22 08:45:52 3dr_solo local2.info shot: [button]: Unexpected socket exception: [Errno 113] No route to host
Nov 22 08:45:55 3dr_solo local2.info shot: [button]: Unexpected socket exception: [Errno 113] No route to host
Nov 22 08:45:58 3dr_solo local2.info shot: [button]: Unexpected socket exception: [Errno 113] No route to host
Nov 22 08:46:01 3dr_solo local2.info shot: [button]: Unexpected socket exception: [Errno 113] No route to host
Nov 22 08:46:04 3dr_solo local2.info shot: [button]: Unexpected socket exception: [Errno 113] No route to host
Nov 22 08:46:07 3dr_solo local2.info shot: [button]: Unexpected socket exception: [Errno 113] No route to host
Nov 22 08:46:10 3dr_solo local2.info shot: [button]: Unexpected socket exception: [Errno 113] No route to host
Nov 22 08:46:13 3dr_solo local2.info shot: [button]: Unexpected socket exception: [Errno 113] No route to host
Nov 22 08:46:16 3dr_solo local2.info shot: [button]: Unexpected socket exception: [Errno 113] No route to host
Nov 22 08:46:19 3dr_solo local2.info shot: [button]: Unexpected socket exception: [Errno 113] No route to host
Nov 22 08:46:22 3dr_solo local2.info shot: [button]: Unexpected socket exception: [Errno 113] No route to host
Nov 22 08:46:25 3dr_solo local2.info shot: [button]: Unexpected socket exception: [Errno 113] No route to host
Nov 22 08:46:28 3dr_solo local2.info shot: [button]: Unexpected socket exception: [Errno 113] No route to host
Nov 22 08:46:31 3dr_solo local2.info shot: [button]: Unexpected socket exception: [Errno 113] No route to host
Nov 22 08:46:34 3dr_solo local2.info shot: [button]: Unexpected socket exception: [Errno 113] No route to host
Nov 22 08:46:37 3dr_solo local2.info shot: [button]: Unexpected socket exception: [Errno 113] No route to host
Nov 22 08:46:40 3dr_solo local2.info shot: [button]: Unexpected socket exception: [Errno 113] No route to host
Nov 22 08:46:43 3dr_solo local2.info shot: [button]: Unexpected socket exception: [Errno 113] No route to host
Nov 22 08:46:46 3dr_solo local2.info shot: [button]: Unexpected socket exception: [Errno 113] No route to host
Nov 22 08:46:49 3dr_solo local2.info shot: [button]: Unexpected socket exception: [Errno 113] No route to host
Nov 22 08:46:52 3dr_solo local2.info shot: [button]: Unexpected socket exception: [Errno 113] No route to host
Nov 22 08:46:55 3dr_solo local2.info shot: [button]: Unexpected socket exception: [Errno 113] No route to host
Nov 22 08:46:58 3dr_solo local2.info shot: [button]: Unexpected socket exception: [Errno 113] No route to host
Nov 22 08:47:01 3dr_solo local2.info shot: [button]: Unexpected socket exception: [Errno 113] No route to host
Nov 22 08:47:04 3dr_solo local2.info shot: [button]: Unexpected socket exception: [Errno 113] No route to host
Nov 22 08:47:07 3dr_solo local2.info shot: [button]: Unexpected socket exception: [Errno 113] No route to host
Nov 22 08:47:10 3dr_solo local2.info shot: [RC] Exit failsafe
Nov 22 08:47:10 3dr_solo local2.info shot: [button]: Connected to Artoo.
Nov 22 08:47:10 3dr_solo local2.info shot: [button]: sending FLY to Artoo as mode
Nov 22 08:48:26 3dr_solo local2.info shot: [button]: Trying shot via Artoo button: Orbit
Nov 22 08:48:26 3dr_solo local2.info shot: [shot]: Vehicle EKF quality is poor, shot entry into Orbit disallowed.
Nov 22 08:48:26 3dr_solo local2.info shot: [app]: Can't send packet - app is not connected!
Nov 22 08:48:26 3dr_solo local2.info shot: [shot]: Already in shot FLY.
Nov 22 08:48:26 3dr_solo local2.info shot: [button]: sending FLY to Artoo as shot
Nov 22 08:48:27 3dr_solo local2.info shot: [button]: Trying shot via Artoo button: Cable Cam
Nov 22 08:48:27 3dr_solo local2.info shot: [shot]: Vehicle EKF quality is poor, shot entry into Cable Cam disallowed.
Nov 22 08:48:27 3dr_solo local2.info shot: [app]: Can't send packet - app is not connected!
Nov 22 08:48:27 3dr_solo local2.info shot: [shot]: Already in shot FLY.
Nov 22 08:48:27 3dr_solo local2.info shot: [button]: sending FLY to Artoo as shot
Nov 22 08:48:28 3dr_solo local2.info shot: [shot]: Vehicle EKF quality is poor, shot entry into Return Home disallowed.
Nov 22 08:48:28 3dr_solo local2.info shot: [app]: Can't send packet - app is not connected!
Nov 22 08:48:28 3dr_solo local2.info shot: [shot]: Already in shot FLY.
Nov 22 08:48:28 3dr_solo local2.info shot: [button]: sending FLY to Artoo as shot
Nov 22 08:48:29 3dr_solo local2.info shot: [shot]: Vehicle EKF quality is poor, shot entry into Return Home disallowed.
Nov 22 08:48:29 3dr_solo local2.info shot: [app]: Can't send packet - app is not connected!
Nov 22 08:48:29 3dr_solo local2.info shot: [shot]: Already in shot FLY.
Nov 22 08:48:29 3dr_solo local2.info shot: [button]: sending FLY to Artoo as shot
Nov 22 08:48:30 3dr_solo local2.info shot: [shot]: Vehicle EKF quality is poor, shot entry into Return Home disallowed.
Nov 22 08:48:30 3dr_solo local2.info shot: [app]: Can't send packet - app is not connected!
Nov 22 08:48:30 3dr_solo local2.info shot: [shot]: Already in shot FLY.
Nov 22 08:48:30 3dr_solo local2.info shot: [button]: sending FLY to Artoo as shot
