Nov 21 14:51:00 3dr_controller local1.info stm32: stm32 update starting
Nov 21 14:51:00 3dr_controller local1.info stm32: no firmware available for update
Nov 21 14:51:00 3dr_controller local1.info stm32: requesting stm32 version
Nov 21 14:51:00 3dr_controller local1.info stm32: running version: 1.2.11
Nov 21 14:51:00 3dr_controller local1.info stm32: not updating (no new firmware)
Nov 21 14:51:00 3dr_controller local1.info stm32: writing STM_VERSION with running version 1.2.11
Nov 21 14:51:00 3dr_controller local1.info stm32: no screen update (READY exists)
Nov 21 14:51:02 3dr_controller local1.info net: hostapdconfig.py starting
Nov 21 14:51:02 3dr_controller local1.info net: --channel wlan0
Nov 21 14:51:02 3dr_controller local1.info net: can't get wlan0 frequency; defaulting to channel 0
Nov 21 14:51:02 3dr_controller local1.info net: changing channel in /etc/hostapd.conf from 0 to 0
Nov 21 14:51:03 3dr_controller local1.info pair: pair_server starting
Nov 21 14:51:03 3dr_controller local1.info pair: using default check_versions=True
Nov 21 14:51:03 3dr_controller local1.info pair: sololink version "2.4.2"
Nov 21 14:51:03 3dr_controller local1.info pair: firmware version "1.2.11"

acs_num_scans=8
wlan0-ap:
   Freq   Noise   OnChan   ChBusy  ExtBusy    Rxing    Txing
Ch  MHz     dBm     msec     msec     msec     msec     msec
 1 2412     -57      953       93                 6        0
 2 2417     -63      108       21                 0        0
 3 2422     -60      108       20                 0        0
 4 2427 *   -61      362      161               130        6
 5 2432     -91      108       54                47        0
 6 2437     -93      108       81                76        0
 7 2442     -93      108       78                76        0
 8 2447     -92      108      100                92        0
 9 2452     -91      108       85                80        0
10 2457     -92      108       97                92        0
11 2462              108      104               100        0

Nov 21 14:51:15 3dr_controller local1.info pair: connection request from known solo: send CONN_ACK (yes)
Nov 21 14:51:15 3dr_controller local1.info pair: solo version "2.4.2"; firmware "1.3.1"
Nov 21 14:51:15 3dr_controller local1.info pair: IDLE -> CONNECTED
Nov 21 14:51:15 3dr_controller local1.info pair: connected with ('10.1.1.10', 33032)
Nov 21 14:51:15 3dr_controller local1.info pair: switching to runlevel.READY
Nov 21 14:51:15 3dr_controller local1.info +225 tlm: telem_ctrl starting: built Sep 22 2016 15:31:04
Nov 21 14:51:15 3dr_controller local1.info +239 tlm: stm32 @ 127.0.0.1:5015
Nov 21 14:51:15 3dr_controller local1.info +251 tlm: tlog @ 127.0.0.1:14583
Nov 21 14:51:15 3dr_controller local1.info +251 tlm: telem_dest_port = 14550
Nov 21 14:51:15 3dr_controller local1.info +251 tlm: use_gps_time = 1
Nov 21 14:51:15 3dr_controller local1.info +251 tlm: uplink_tos = 0x00
Nov 21 14:51:15 3dr_controller local1.info +251 tlm: gcs_tos = 0x00
Nov 21 14:51:15 3dr_controller local1.info +280 tlm: gps time 2018-11-22 08:47:09,954
Nov 22 08:47:09 3dr_controller local1.info +954 tlm: system time set from gps time
Nov 22 08:47:09 3dr_controller local1.info +954 tlm: solo @ 10.1.1.10:14560
Nov 22 08:47:10 3dr_controller local1.info app: starting
Nov 22 08:47:10 3dr_controller local1.info app: waiting for connection
Nov 22 08:47:19 3dr_controller local1.info +996 tlm: dn:101 (1,1)902/0 (10,0)10/0 up:0
Nov 22 08:47:30 3dr_controller local1.info +025 tlm: dn:99 (1,1)896/0 (10,0)10/0 up:0
Nov 22 08:47:39 3dr_controller local1.info +949 tlm: dn:98 (1,1)892/0 (10,0)10/0 up:0
Nov 22 08:47:49 3dr_controller local1.info +969 tlm: dn:99 (1,1)895/0 (10,0)10/0 up:0
Nov 22 08:47:54 3dr_controller local1.info +960 tlm: adding telem dest @ 10.1.1.114:14550
Nov 22 08:47:59 3dr_controller local1.info +985 tlm: dn:99 (1,1)876/0 (10,0)10/0 up:0
Nov 22 08:48:09 3dr_controller local1.info +997 tlm: dn:99 (1,1)898/0 (10,0)10/0 up:0
Nov 22 08:48:19 3dr_controller local1.info +986 tlm: dn:99 (1,1)892/0 (10,0)10/0 up:0
Nov 22 08:48:29 3dr_controller local1.info +965 tlm: dn:99 (1,1)899/0 (10,0)10/0 up:1
Nov 22 08:48:40 3dr_controller local1.info +096 tlm: dn:92 (1,1)821/0 (10,0)10/0 up:0
Nov 22 08:48:49 3dr_controller local1.info +991 tlm: dn:106 (1,1)953/0 (10,0)10/0 up:0
Nov 22 08:49:00 3dr_controller local1.info +031 tlm: dn:99 (1,1)898/0 (10,0)10/0 up:0
Nov 22 08:49:09 3dr_controller local1.info +965 tlm: dn:98 (1,1)886/0 (10,0)10/0 up:0
Nov 22 08:49:19 3dr_controller local1.info +965 tlm: dn:99 (1,1)872/0 (10,0)10/0 up:0
Nov 22 08:49:29 3dr_controller local1.info +992 tlm: dn:99 (1,1)898/0 (10,0)10/0 up:0
Nov 22 08:49:40 3dr_controller local1.info +013 tlm: dn:99 (1,1)895/0 (10,0)10/0 up:0
Nov 22 08:49:50 3dr_controller local1.info +031 tlm: dn:99 (1,1)898/0 (10,0)10/0 up:0
Nov 22 08:49:59 3dr_controller local1.info +942 tlm: dn:98 (1,1)873/0 (10,0)10/0 up:0
Nov 22 08:50:10 3dr_controller local1.info +016 tlm: dn:100 (1,1)899/0 (10,0)10/0 up:0
Nov 22 08:50:20 3dr_controller local1.info +038 tlm: dn:98 (1,1)895/0 (10,0)10/0 up:0
Nov 22 08:50:30 3dr_controller local1.info +007 tlm: adding telem dest @ 10.1.1.193:14550
Nov 22 08:50:30 3dr_controller local1.info +010 tlm: dn:99 (1,1)895/0 (10,0)10/0 up:0
Nov 22 08:50:40 3dr_controller local1.info +006 tlm: dn:99 (1,1)895/0 (10,0)10/0 up:0
Nov 22 08:50:49 3dr_controller local1.info +959 tlm: dn:98 (1,1)874/0 (10,0)10/0 up:0
Nov 22 08:50:59 3dr_controller local1.info +960 tlm: dn:99 (1,1)896/0 (10,0)10/0 up:0
Nov 22 08:51:09 3dr_controller local1.info +958 tlm: dn:99 (1,1)898/0 (10,0)10/0 up:0
Nov 22 08:51:20 3dr_controller local1.info +039 tlm: dn:100 (1,1)896/0 (10,0)10/0 up:0
Nov 22 08:51:29 3dr_controller local1.info +999 tlm: dn:99 (1,1)877/0 (10,0)10/0 up:0
Nov 22 08:51:40 3dr_controller local1.info +035 tlm: dn:99 (1,1)896/0 (10,0)10/0 up:0
Nov 22 08:51:49 3dr_controller local1.info +947 tlm: dn:98 (1,1)892/0 (10,0)10/0 up:0
Nov 22 08:51:59 3dr_controller local1.info +967 tlm: dn:99 (1,1)897/0 (10,0)10/0 up:0
Nov 22 08:52:09 3dr_controller local1.info +990 tlm: dn:99 (1,1)876/0 (10,0)10/0 up:0
Nov 22 08:52:19 3dr_controller local1.info +988 tlm: dn:99 (1,1)898/0 (10,0)10/0 up:0
Nov 22 08:52:29 3dr_controller local1.info +967 tlm: dn:99 (1,1)893/0 (10,0)10/0 up:0
Nov 22 08:52:39 3dr_controller local1.info +985 tlm: dn:99 (1,1)895/0 (10,0)10/0 up:0
Nov 22 08:52:49 3dr_controller local1.info +962 tlm: dn:98 (1,1)878/0 (10,0)10/0 up:0
Nov 22 08:52:50 3dr_controller local1.info app: connection from ('10.1.1.193', 52932)
Nov 22 08:52:50 3dr_controller local1.info app: app IP is 10.1.1.193
Nov 22 08:52:59 3dr_controller local1.info +990 tlm: dn:99 (1,1)1165/0 (10,0)10/0 up:31
Nov 22 08:53:01 3dr_controller local1.info app: closing connection
Nov 22 08:53:01 3dr_controller local1.info app: waiting for connection
Nov 22 08:53:09 3dr_controller local1.info +982 tlm: dn:99 (1,1)821/0 (10,0)10/0 up:0
Nov 22 08:53:20 3dr_controller local1.info +022 tlm: dn:99 (1,1)832/0 (10,0)10/0 up:0
Nov 22 08:53:30 3dr_controller local1.info +044 tlm: dn:99 (1,1)830/0 (10,0)10/0 up:0
Nov 22 08:53:39 3dr_controller local1.info +958 tlm: dn:98 (1,1)821/0 (10,0)10/0 up:0
Nov 22 08:53:49 3dr_controller local1.info +979 tlm: dn:99 (1,1)822/0 (10,0)10/0 up:0
Nov 22 08:54:00 3dr_controller local1.info +012 tlm: dn:99 (1,1)829/0 (10,0)10/0 up:0
Nov 22 08:54:10 3dr_controller local1.info +046 tlm: dn:100 (1,1)835/0 (10,0)10/0 up:0
Nov 22 08:54:19 3dr_controller local1.info +963 tlm: dn:98 (1,1)829/0 (10,0)10/0 up:0
Nov 22 08:54:29 3dr_controller local1.info +968 tlm: dn:99 (1,1)821/0 (10,0)10/0 up:0
Nov 22 08:54:39 3dr_controller local1.info +992 tlm: dn:99 (1,1)827/0 (10,0)10/0 up:0
Nov 22 08:54:40 3dr_controller local1.info +111 tlm: adding telem dest @ 10.1.1.174:14550
Nov 22 08:54:50 3dr_controller local1.info +008 tlm: dn:99 (1,1)831/0 (10,0)10/0 up:0
Nov 22 08:55:00 3dr_controller local1.info +015 tlm: dn:99 (1,1)830/0 (10,0)10/0 up:0
