Nov 21 14:51:03 3dr_controller local0.info +411 stm32: main: starting: built Sep 22 2016 15:30:56
Nov 21 14:51:03 3dr_controller local0.info +431 stm32: logging telemetry gaps >= 1000 msec
Nov 21 14:51:03 3dr_controller local0.info +431 stm32: pkt: opened port 5005
Nov 21 14:51:03 3dr_controller local0.info +431 stm32: pkt: opened port 5015
Nov 21 14:51:03 3dr_controller local0.info +431 stm32: pkt: opened port 5012
Nov 21 14:51:03 3dr_controller local0.info +432 stm32: pkt: opened port 5013
Nov 21 14:51:03 3dr_controller local0.info +432 stm32: pkt: opened port 5014
Nov 21 14:51:03 3dr_controller local0.info +432 stm32: pkt: opened port 5011
Nov 21 14:51:03 3dr_controller local0.info +432 stm32: pkt: opened port 5010
Nov 21 14:51:03 3dr_controller local0.info +432 stm32: pkt: opened port 5024
Nov 21 14:51:03 3dr_controller local0.info +432 stm32: pkt: opened port 5022
Nov 21 14:51:03 3dr_controller local0.info +432 stm32: pkt: opened port 5016
Nov 21 14:51:03 3dr_controller local0.info +433 stm32: pkt: opened port 5021
Nov 21 14:51:03 3dr_controller local0.info +433 stm32: pkt: opened port 5017
Nov 21 14:51:03 3dr_controller local0.info +434 stm32: pkt: opened port 5018
Nov 21 14:51:03 3dr_controller local0.info +434 stm32: pkt: opened port 5019
Nov 21 14:51:03 3dr_controller local0.info +434 stm32: pkt: opened port 5020
Nov 21 14:51:03 3dr_controller local0.info +434 stm32: pkt: opened port 5026
Nov 21 14:51:03 3dr_controller local0.info +434 stm32: opened serial port /dev/ttymxc1
Nov 21 14:51:03 3dr_controller local0.info +491 stm32: ButtonEvent downstream_thread: starting
Nov 21 14:51:03 3dr_controller local0.info +491 stm32: InputReport listen_thread: starting
Nov 21 14:51:03 3dr_controller local0.info +492 stm32: ButtonEvent listen_thread: starting
Nov 21 14:51:03 3dr_controller local0.info +492 stm32: InputReport downstream_thread: starting
Nov 21 14:51:03 3dr_controller local0.info +518 stm32: slip - initial sync
Nov 21 14:51:03 3dr_controller local0.info +532 stm32: sys: unique id: 36:ff:d8:05:46:57:32:32:18:85:02:43
Nov 21 14:51:03 3dr_controller local0.info +532 stm32: sys: hardware ver: 3
Nov 21 14:51:03 3dr_controller local0.info +532 stm32: sys: software ver: v1.2.11
Nov 21 14:51:03 3dr_controller local0.info +532 stm32: sys: (try 2)
Nov 21 14:51:13 3dr_controller local0.info +536 stm32: up 1:504 3:11 14:505 0 B 0.00 KB/s dn 0 B 0.00 KB/s
Nov 21 14:51:15 3dr_controller local0.info +060 stm32: ButtonEvent listen_thread: adding client 29 at 10.1.1.10:59239
Nov 22 08:47:10 3dr_controller local0.info +211 stm32: got solo ip: 10.1.1.10
Nov 22 08:47:18 3dr_controller local0.info +213 stm32: up 1:499 3:10 14:499 10348 B 1.01 KB/s dn 26548 B 2.59 KB/s
Nov 22 08:47:28 3dr_controller local0.info +216 stm32: up 1:500 3:10 14:500 13000 B 1.27 KB/s dn 31100 B 3.04 KB/s
Nov 22 08:47:38 3dr_controller local0.info +218 stm32: up 1:500 3:10 14:500 13000 B 1.27 KB/s dn 31678 B 3.09 KB/s
Nov 22 08:47:48 3dr_controller local0.info +221 stm32: up 1:500 3:10 14:500 13000 B 1.27 KB/s dn 31787 B 3.10 KB/s
Nov 22 08:47:58 3dr_controller local0.info +224 stm32: up 1:500 3:10 14:500 13000 B 1.27 KB/s dn 31728 B 3.10 KB/s
Nov 22 08:48:08 3dr_controller local0.info +226 stm32: up 1:500 3:10 14:500 13000 B 1.27 KB/s dn 31024 B 3.03 KB/s
Nov 22 08:48:18 3dr_controller local0.info +228 stm32: up 1:500 3:10 14:500 13000 B 1.27 KB/s dn 31787 B 3.10 KB/s
Nov 22 08:48:28 3dr_controller local0.info +231 stm32: up 1:500 3:10 4:1 13:18 14:500 13041 B 1.27 KB/s dn 31717 B 3.10 KB/s
Nov 22 08:48:38 3dr_controller local0.info +233 stm32: up 1:501 3:10 13:9 14:501 13026 B 1.27 KB/s dn 31787 B 3.10 KB/s
Nov 22 08:48:41 3dr_controller local0.info +307 stm32: telem gap 2011 msec
Nov 22 08:48:48 3dr_controller local0.info +236 stm32: up 1:500 3:10 14:500 13000 B 1.27 KB/s dn 31728 B 3.10 KB/s
Nov 22 08:48:58 3dr_controller local0.info +238 stm32: up 1:500 3:10 14:500 13000 B 1.27 KB/s dn 31321 B 3.06 KB/s
Nov 22 08:49:08 3dr_controller local0.info +240 stm32: up 1:500 3:10 14:500 13000 B 1.27 KB/s dn 31390 B 3.06 KB/s
Nov 22 08:49:18 3dr_controller local0.info +243 stm32: up 1:500 3:10 14:500 13000 B 1.27 KB/s dn 31528 B 3.08 KB/s
Nov 22 08:49:28 3dr_controller local0.info +245 stm32: up 1:500 3:10 14:500 13000 B 1.27 KB/s dn 31770 B 3.10 KB/s
Nov 22 08:49:38 3dr_controller local0.info +248 stm32: up 1:500 3:10 14:500 13000 B 1.27 KB/s dn 31262 B 3.05 KB/s
Nov 22 08:49:48 3dr_controller local0.info +250 stm32: up 1:500 3:10 14:500 13000 B 1.27 KB/s dn 31787 B 3.10 KB/s
Nov 22 08:49:58 3dr_controller local0.info +252 stm32: up 1:500 3:10 14:500 13000 B 1.27 KB/s dn 31728 B 3.10 KB/s
Nov 22 08:50:08 3dr_controller local0.info +255 stm32: up 1:501 3:10 14:500 13026 B 1.27 KB/s dn 31546 B 3.08 KB/s
Nov 22 08:50:18 3dr_controller local0.info +257 stm32: up 1:500 3:10 14:501 13000 B 1.27 KB/s dn 31261 B 3.05 KB/s
Nov 22 08:50:28 3dr_controller local0.info +260 stm32: up 1:500 3:10 14:500 13000 B 1.27 KB/s dn 31728 B 3.10 KB/s
Nov 22 08:50:38 3dr_controller local0.info +262 stm32: up 1:500 3:10 14:500 13000 B 1.27 KB/s dn 31787 B 3.10 KB/s
Nov 22 08:50:48 3dr_controller local0.info +267 stm32: up 1:500 3:10 14:500 13000 B 1.27 KB/s dn 31728 B 3.10 KB/s
Nov 22 08:50:58 3dr_controller local0.info +270 stm32: up 1:500 3:10 14:500 13000 B 1.27 KB/s dn 31720 B 3.10 KB/s
Nov 22 08:51:08 3dr_controller local0.info +272 stm32: up 1:500 3:10 14:500 13000 B 1.27 KB/s dn 31203 B 3.05 KB/s
Nov 22 08:51:18 3dr_controller local0.info +275 stm32: up 1:500 3:10 14:500 13000 B 1.27 KB/s dn 31787 B 3.10 KB/s
Nov 22 08:51:28 3dr_controller local0.info +277 stm32: up 1:501 3:10 14:500 13026 B 1.27 KB/s dn 31596 B 3.08 KB/s
Nov 22 08:51:38 3dr_controller local0.info +280 stm32: up 1:500 3:10 14:501 13000 B 1.27 KB/s dn 31975 B 3.12 KB/s
Nov 22 08:51:48 3dr_controller local0.info +282 stm32: up 1:500 3:10 14:500 13000 B 1.27 KB/s dn 30994 B 3.03 KB/s
Nov 22 08:51:58 3dr_controller local0.info +285 stm32: up 1:500 3:10 14:500 13000 B 1.27 KB/s dn 31728 B 3.10 KB/s
Nov 22 08:52:08 3dr_controller local0.info +287 stm32: up 1:500 3:10 14:500 13000 B 1.27 KB/s dn 31787 B 3.10 KB/s
Nov 22 08:52:18 3dr_controller local0.info +290 stm32: up 1:500 3:10 14:500 13000 B 1.27 KB/s dn 31728 B 3.10 KB/s
Nov 22 08:52:28 3dr_controller local0.info +292 stm32: up 1:500 3:10 14:500 13000 B 1.27 KB/s dn 31113 B 3.04 KB/s
Nov 22 08:52:38 3dr_controller local0.info +294 stm32: up 1:500 3:10 14:500 13000 B 1.27 KB/s dn 31737 B 3.10 KB/s
Nov 22 08:52:48 3dr_controller local0.info +297 stm32: up 1:500 3:10 14:500 13000 B 1.27 KB/s dn 31672 B 3.09 KB/s
Nov 22 08:52:50 3dr_controller local0.info +812 stm32: app connected message going down
Nov 22 08:52:58 3dr_controller local0.info +300 stm32: up 1:500 3:10 14:500 13000 B 1.27 KB/s dn 41251 B 4.03 KB/s
Nov 22 08:53:01 3dr_controller local0.info +618 stm32: app connected message going down
Nov 22 08:53:08 3dr_controller local0.info +302 stm32: up 1:501 3:10 14:501 13026 B 1.27 KB/s dn 28896 B 2.82 KB/s
Nov 22 08:53:18 3dr_controller local0.info +304 stm32: up 1:500 3:10 14:500 13000 B 1.27 KB/s dn 28827 B 2.81 KB/s
Nov 22 08:53:28 3dr_controller local0.info +307 stm32: up 1:500 3:10 14:500 13000 B 1.27 KB/s dn 28711 B 2.80 KB/s
Nov 22 08:53:38 3dr_controller local0.info +310 stm32: up 1:500 3:10 14:500 13000 B 1.27 KB/s dn 29012 B 2.83 KB/s
Nov 22 08:53:48 3dr_controller local0.info +315 stm32: up 1:500 3:10 14:500 13000 B 1.27 KB/s dn 28906 B 2.82 KB/s
Nov 22 08:53:58 3dr_controller local0.info +318 stm32: up 1:500 3:10 14:500 13000 B 1.27 KB/s dn 28668 B 2.80 KB/s
Nov 22 08:54:08 3dr_controller local0.info +321 stm32: up 1:500 3:10 14:500 13000 B 1.27 KB/s dn 29329 B 2.86 KB/s
Nov 22 08:54:18 3dr_controller local0.info +323 stm32: up 1:501 3:10 14:501 13026 B 1.27 KB/s dn 28354 B 2.77 KB/s
Nov 22 08:54:28 3dr_controller local0.info +324 stm32: up 1:500 3:10 14:500 13000 B 1.27 KB/s dn 29200 B 2.85 KB/s
Nov 22 08:54:38 3dr_controller local0.info +328 stm32: up 1:500 3:10 14:500 13000 B 1.27 KB/s dn 28791 B 2.81 KB/s
Nov 22 08:54:48 3dr_controller local0.info +331 stm32: up 1:500 3:10 14:500 13000 B 1.27 KB/s dn 28962 B 2.83 KB/s
Nov 22 08:54:58 3dr_controller local0.info +334 stm32: up 1:500 3:10 14:500 13000 B 1.27 KB/s dn 28707 B 2.80 KB/s
