
2018-11-21 14:51:03,245 proc_top starting

2018-11-21 14:51:13,245
   pid name                  utime  stime  pct
   761 (python)                 31      7   4%
    62 (kworker/0:2)             0     29   3%
   744 (hostapd)                14      5   2%
    18 (kworker/u2:1)            0     14   1%

2018-11-22 08:47:17,919
   pid name                  utime  stime  pct
   775 (stm32_up)                0     39   4%
    62 (kworker/0:2)             0     29   3%

2018-11-22 08:47:27,919
   pid name                  utime  stime  pct
   775 (stm32_up)                0     41   4%
    62 (kworker/0:2)             0     30   3%
   802 (app_streamer)            0      9   1%

2018-11-22 08:47:37,919
   pid name                  utime  stime  pct
   775 (stm32_up)                0     40   4%
    62 (kworker/0:2)             0     31   3%
   802 (app_streamer)            0      8   1%

2018-11-22 08:47:47,919
   pid name                  utime  stime  pct
   775 (stm32_up)                0     40   4%
    62 (kworker/0:2)             0     30   3%
   802 (app_streamer)            2      6   1%

2018-11-22 08:47:57,919
   pid name                  utime  stime  pct
   775 (stm32_up)                0     40   4%
    62 (kworker/0:2)             0     30   3%
   802 (app_streamer)            0      9   1%
    70 (mmcqd/1)                 0      7   1%

2018-11-22 08:48:07,919
   pid name                  utime  stime  pct
   775 (stm32_up)                0     41   4%
    62 (kworker/0:2)             0     30   3%
   802 (app_streamer)            0      9   1%

2018-11-22 08:48:17,919
   pid name                  utime  stime  pct
   775 (stm32_up)               22     18   4%
    62 (kworker/0:2)             0     30   3%
   802 (app_streamer)            0      9   1%

2018-11-22 08:48:27,919
   pid name                  utime  stime  pct
   775 (stm32_up)                1     41   4%
    62 (kworker/0:2)             0     30   3%
   802 (app_streamer)            0      8   1%

2018-11-22 08:48:37,919
   pid name                  utime  stime  pct
   775 (stm32_up)                4     37   4%
    62 (kworker/0:2)             0     30   3%
   802 (app_streamer)            0      9   1%

2018-11-22 08:48:47,919
   pid name                  utime  stime  pct
   775 (stm32_up)                2     38   4%
    62 (kworker/0:2)             0     30   3%
   802 (app_streamer)            0      8   1%

2018-11-22 08:48:57,919
   pid name                  utime  stime  pct
   775 (stm32_up)                5     36   4%
    62 (kworker/0:2)             0     30   3%
   802 (app_streamer)            0      8   1%

2018-11-22 08:49:07,919
   pid name                  utime  stime  pct
   775 (stm32_up)                2     39   4%
    62 (kworker/0:2)             0     30   3%
   802 (app_streamer)            0      9   1%

2018-11-22 08:49:17,919
   pid name                  utime  stime  pct
   775 (stm32_up)                3     37   4%
    62 (kworker/0:2)             0     31   3%
   802 (app_streamer)            0      8   1%

2018-11-22 08:49:27,919
   pid name                  utime  stime  pct
   775 (stm32_up)                0     41   4%
    62 (kworker/0:2)             0     30   3%
   802 (app_streamer)            0      9   1%

2018-11-22 08:49:37,919
   pid name                  utime  stime  pct
   775 (stm32_up)                1     40   4%
    62 (kworker/0:2)             0     30   3%
   802 (app_streamer)            0      8   1%

2018-11-22 08:49:47,919
   pid name                  utime  stime  pct
   775 (stm32_up)                2     39   4%
    62 (kworker/0:2)             0     30   3%
   802 (app_streamer)            1      7   1%

2018-11-22 08:49:57,919
   pid name                  utime  stime  pct
   775 (stm32_up)                2     39   4%
    62 (kworker/0:2)             0     30   3%
   802 (app_streamer)            2      7   1%

2018-11-22 08:50:07,919
   pid name                  utime  stime  pct
   775 (stm32_up)                2     38   4%
    62 (kworker/0:2)             0     30   3%
   802 (app_streamer)            0      9   1%

2018-11-22 08:50:17,919
   pid name                  utime  stime  pct
   775 (stm32_up)                3     37   4%
    62 (kworker/0:2)             0     30   3%
   802 (app_streamer)            0      8   1%

2018-11-22 08:50:27,919
   pid name                  utime  stime  pct
   775 (stm32_up)                2     38   4%
    62 (kworker/0:2)             0     30   3%
   802 (app_streamer)            0      9   1%
    70 (mmcqd/1)                 0      7   1%

2018-11-22 08:50:37,919
   pid name                  utime  stime  pct
   775 (stm32_up)                2     39   4%
    62 (kworker/0:2)             0     31   3%
   802 (app_streamer)            0      9   1%

2018-11-22 08:50:47,919
   pid name                  utime  stime  pct
   775 (stm32_up)                3     37   4%
    62 (kworker/0:2)             0     30   3%
   802 (app_streamer)            0      8   1%

2018-11-22 08:50:57,919
   pid name                  utime  stime  pct
   775 (stm32_up)                2     38   4%
    62 (kworker/0:2)             0     30   3%
   802 (app_streamer)            0      9   1%

2018-11-22 08:51:07,919
   pid name                  utime  stime  pct
   775 (stm32_up)                2     39   4%
    62 (kworker/0:2)             0     31   3%
   802 (app_streamer)            0      8   1%

2018-11-22 08:51:17,919
   pid name                  utime  stime  pct
   775 (stm32_up)                3     37   4%
    62 (kworker/0:2)             0     31   3%
   802 (app_streamer)            1      8   1%

2018-11-22 08:51:27,919
   pid name                  utime  stime  pct
   775 (stm32_up)                2     38   4%
    62 (kworker/0:2)             0     30   3%
   802 (app_streamer)            0      8   1%
    70 (mmcqd/1)                 0      6   1%

2018-11-22 08:51:37,919
   pid name                  utime  stime  pct
   775 (stm32_up)                3     37   4%
    62 (kworker/0:2)             0     30   3%
   802 (app_streamer)            1      8   1%

2018-11-22 08:51:47,919
   pid name                  utime  stime  pct
   775 (stm32_up)                2     38   4%
    62 (kworker/0:2)             0     27   3%
   802 (app_streamer)            0      8   1%

2018-11-22 08:51:57,919
   pid name                  utime  stime  pct
   775 (stm32_up)                2     38   4%
  2440 (kworker/0:0)             0     30   3%
   802 (app_streamer)            0      9   1%

2018-11-22 08:52:07,919
   pid name                  utime  stime  pct
   775 (stm32_up)                3     37   4%
  2440 (kworker/0:0)             0     31   3%
   802 (app_streamer)            1      8   1%

2018-11-22 08:52:17,919
   pid name                  utime  stime  pct
   775 (stm32_up)                2     39   4%
  2440 (kworker/0:0)             0     30   3%
   802 (app_streamer)            0      9   1%

2018-11-22 08:52:27,919
   pid name                  utime  stime  pct
   775 (stm32_up)                2     38   4%
  2440 (kworker/0:0)             0     30   3%
   802 (app_streamer)            0      8   1%

2018-11-22 08:52:37,919
   pid name                  utime  stime  pct
   775 (stm32_up)                3     37   4%
  2440 (kworker/0:0)             0     31   3%
   802 (app_streamer)            1      8   1%

2018-11-22 08:52:47,919
   pid name                  utime  stime  pct
   775 (stm32_up)                2     38   4%
  2440 (kworker/0:0)             0     30   3%
   802 (app_streamer)            1      8   1%

2018-11-22 08:52:57,919
   pid name                  utime  stime  pct
   775 (stm32_up)                2     38   4%
  2440 (kworker/0:0)             0     31   3%
   802 (app_streamer)            0     11   1%
   805 (tlog)                    0      5   1%

2018-11-22 08:53:07,919
   pid name                  utime  stime  pct
   775 (stm32_up)                3     37   4%
  2440 (kworker/0:0)             0     30   3%
   802 (app_streamer)            0     10   1%

2018-11-22 08:53:17,919
   pid name                  utime  stime  pct
   775 (stm32_up)                2     39   4%
  2440 (kworker/0:0)             0     31   3%
   802 (app_streamer)            0      8   1%

2018-11-22 08:53:27,919
   pid name                  utime  stime  pct
   775 (stm32_up)                2     39   4%
  2440 (kworker/0:0)             0     31   3%
   802 (app_streamer)            0      9   1%

2018-11-22 08:53:37,919
   pid name                  utime  stime  pct
   775 (stm32_up)                3     37   4%
  2440 (kworker/0:0)             0     31   3%
   802 (app_streamer)            0      9   1%

2018-11-22 08:53:47,919
   pid name                  utime  stime  pct
   775 (stm32_up)                2     40   4%
  2440 (kworker/0:0)             0     33   3%
   802 (app_streamer)            2      8   1%
   805 (tlog)                    3      2   1%

2018-11-22 08:53:57,919
   pid name                  utime  stime  pct
   775 (stm32_up)                3     38   4%
  2440 (kworker/0:0)             0     32   3%
   802 (app_streamer)            1      9   1%
   805 (tlog)                    0      5   1%

2018-11-22 08:54:07,919
   pid name                  utime  stime  pct
   775 (stm32_up)                2     38   4%
  2440 (kworker/0:0)             0     32   3%
   802 (app_streamer)            0     10   1%

2018-11-22 08:54:17,919
   pid name                  utime  stime  pct
   775 (stm32_up)                3     38   4%
  2440 (kworker/0:0)             0     31   3%
   802 (app_streamer)            0      9   1%
   805 (tlog)                    0      5   1%

2018-11-22 08:54:27,919
   pid name                  utime  stime  pct
   775 (stm32_up)                8     34   4%
  2440 (kworker/0:0)             0     33   3%
   802 (app_streamer)            2      9   1%

2018-11-22 08:54:37,919
   pid name                  utime  stime  pct
   775 (stm32_up)                4     37   4%
  2440 (kworker/0:0)             0     30   3%
   802 (app_streamer)            1      8   1%

2018-11-22 08:54:47,919
   pid name                  utime  stime  pct
   775 (stm32_up)                0     42   4%
  2440 (kworker/0:0)             0     30   3%
   802 (app_streamer)            0      8   1%

2018-11-22 08:54:57,919
   pid name                  utime  stime  pct
   775 (stm32_up)                8     32   4%
  2440 (kworker/0:0)             0     30   3%
   802 (app_streamer)            0      9   1%

2018-11-22 08:55:07,919
   pid name                  utime  stime  pct
   775 (stm32_up)                0     43   4%
  2440 (kworker/0:0)             0     30   3%
   802 (app_streamer)            0     10   1%
    70 (mmcqd/1)                 0      8   1%
